<?xml version="1.0" encoding="UTF-8"?>
<testsuite xmlns:xsi="http://www.w3.org/2001/XMLSchema-instance" xsi:noNamespaceSchemaLocation="https://maven.apache.org/surefire/maven-surefire-plugin/xsd/surefire-test-report-3.0.xsd" version="3.0" name="com.clinica.service.CadastroServiceTest" time="5.397" tests="6" errors="1" skipped="0" failures="0">
  <properties>
[...]
</properties>
  <testcase name="deveRetornarErroQuandoSenhaEstiverVaziaNoCadastro" classname="com.clinica.service.CadastroServiceTest" time="4.961"/>
  <testcase name="deveRetornarErroQuandoDataCadastroEstiverVazia" classname="com.clinica.service.CadastroServiceTest" time="0.035">
    <error message="Unresolved compilation problems: &#10;	The method setDataCadastro(String) is undefined for the type Usuario&#10;	resultado cannot be resolved to a variable&#10;	resultado cannot be resolved to a variable&#10;" type="java.lang.Error"><![CDATA[java.lang.Error: 
Unresolved compilation problems: 
	The method setDataCadastro(String) is undefined for the type Usuario
	resultado cannot be resolved to a variable
	resultado cannot be resolved to a variable

	at com.clinica.service.CadastroServiceTest.deveRetornarErroQuandoDataCadastroEstiverVazia(CadastroServiceTest.java:120)
	at java.base/java.lang.reflect.Method.invoke(Method.java:568)
	at java.base/java.util.ArrayList.forEach(ArrayList.java:1511)
	at java.base/java.util.ArrayList.forEach(ArrayList.java:1511)
]]></error>
  </testcase>
  <testcase name="deveRetornarErroQuandoEmailEstiverVazioNoCadastro" classname="com.clinica.service.CadastroServiceTest" time="0.054"/>
  <testcase name="deveCadastrarUsuarioComSucesso" classname="com.clinica.service.CadastroServiceTest" time="0.116"/>
  <testcase name="deveRetornarErroQuandoNomeEstiverVazioNoCadastro" classname="com.clinica.service.CadastroServiceTest" time="0.008"/>
  <testcase name="deveRetornarErroQuandoCodigoUsuarioEstiverVazio" classname="com.clinica.service.CadastroServiceTest" time="0.027"/>
</testsuite>